<?xml version="1.0" encoding="utf-8"?><testsuites name="pytest tests"><testsuite name="pytest" errors="0" failures="1" skipped="0" tests="5" time="2.408" timestamp="2026-09-25T12:20:50.776286+00:00" hostname="agent-env-db34a078-6b15-4dc9-b7d2-34161933ad4a"><testcase classname="tests.test_core_flows" name="test_health_and_plans" time="0.401" /><testcase classname="tests.test_core_flows" name="test_discovery_filters_and_details" time="0.330" /><testcase classname="tests.test_core_flows" name="test_vip_unlock_and_membership" time="0.474" /><testcase classname="tests.test_core_flows" name="test_demo_login_and_reviews_read" time="0.162"><failure message="AssertionError: assert (200 == 200 and 'token' in {'session_token': 'sess_14814d3079814f2eb3c96c44444c0e7c_3eeeee0ec7ac', 'user': {'user_id': 'user_arjun_demo', 'email': 'arjun.sharma@example.com', 'name': 'Arjun Sharma', 'role': 'customer', ...}})&#10; +  where 200 = &lt;Response [200]&gt;.status_code&#10; +  and   {'session_token': 'sess_14814d3079814f2eb3c96c44444c0e7c_3eeeee0ec7ac', 'user': {'user_id': 'user_arjun_demo', 'email': 'arjun.sharma@example.com', 'name': 'Arjun Sharma', 'role': 'customer', ...}} = json()&#10; +    where json = &lt;Response [200]&gt;.json">backend/tests/test_core_flows.py:32: in test_demo_login_and_reviews_read
    assert r.status_code == 200 and "token" in r.json()
E   AssertionError: assert (200 == 200 and 'token' in {'session_token': 'sess_14814d3079814f2eb3c96c44444c0e7c_3eeeee0ec7ac', 'user': {'user_id': 'user_arjun_demo', 'email': 'arjun.sharma@example.com', 'name': 'Arjun Sharma', 'role': 'customer', ...}})
E    +  where 200 = &lt;Response [200]&gt;.status_code
E    +  and   {'session_token': 'sess_14814d3079814f2eb3c96c44444c0e7c_3eeeee0ec7ac', 'user': {'user_id': 'user_arjun_demo', 'email': 'arjun.sharma@example.com', 'name': 'Arjun Sharma', 'role': 'customer', ...}} = json()
E    +    where json = &lt;Response [200]&gt;.json</failure></testcase><testcase classname="tests.test_core_flows" name="test_enquiry_create_cancel_and_availability" time="0.719" /></testsuite></testsuites>