<?xml version="1.0" encoding="utf-8"?><testsuites name="pytest tests"><testsuite name="pytest" errors="0" failures="0" skipped="0" tests="9" time="2.425" timestamp="2026-09-25T12:22:27.226340+00:00" hostname="agent-env-db34a078-6b15-4dc9-b7d2-34161933ad4a"><testcase classname="tests.test_requested_features" name="test_auth_payload_contract_all_flows" time="0.464" /><testcase classname="tests.test_core_flows" name="test_health_and_plans" time="0.265" /><testcase classname="tests.test_core_flows" name="test_discovery_filters_and_details" time="0.297" /><testcase classname="tests.test_requested_features" name="test_pincode_discovery_and_vip_unlock" time="0.423" /><testcase classname="tests.test_core_flows" name="test_vip_unlock_and_membership" time="0.418" /><testcase classname="tests.test_requested_features" name="test_reviews_free_read_pro_write_and_owner_reply" time="0.827" /><testcase classname="tests.test_core_flows" name="test_demo_login_and_reviews_read" time="0.407" /><testcase classname="tests.test_core_flows" name="test_enquiry_create_cancel_and_availability" time="0.518" /><testcase classname="tests.test_requested_features" name="test_instant_reservation_and_availability" time="0.409" /></testsuite></testsuites>